Arguments: 
  /Users/janzheng/.nvm/versions/node/v14.16.1/bin/node /usr/local/Cellar/yarn/1.22.10/libexec/bin/yarn.js prod

PATH: 
  /Users/janzheng/.deno/bin:/Library/Frameworks/Python.framework/Versions/3.9/bin:/Users/janzheng/.pyenv/shims:/Users/janzheng/.pyenv/bin:/Users/janzheng/.rbenv/shims:/Users/janzheng/.nvm/versions/node/v14.16.1/bin:/opt/local/bin:/opt/local/sbin:/bin:/sbin:/usr/bin:/usr/local/sbin:/usr/local/bin:/Users/janzheng/Applications/ImageMagick-6.9.2/bin:/usr/local/bin:/usr/bin:/bin:/usr/sbin:/sbin:/Applications/Postgres.app/Contents/Versions/latest/bin:/Users/janzheng/.fig/bin

Yarn version: 
  1.22.10

Node version: 
  14.16.1

Platform: 
  darwin x64

Trace: 
  SyntaxError: /Users/janzheng/Desktop/projects/cue-redcap/ecrf/package.json: Unexpected token } in JSON at position 345
      at JSON.parse (<anonymous>)
      at /usr/local/Cellar/yarn/1.22.10/libexec/lib/cli.js:1625:59
      at Generator.next (<anonymous>)
      at step (/usr/local/Cellar/yarn/1.22.10/libexec/lib/cli.js:310:30)
      at /usr/local/Cellar/yarn/1.22.10/libexec/lib/cli.js:321:13

npm manifest: 
  {
    "name": "ecrf",
    "version": "1.0.0",
    "main": "index.js",
    "repository": "git@github.com:janzheng/cue-redcap-mrff.git",
    "author": "janzheng <janeazy@gmail.com>",
    "license": "MIT",
    "scripts": {
      "prod": "cue export -p ecrf -e encoded -o text:mrff_ecrf.csv -f",
      "commit": "git add . -A ; git commit ; git push origin main ",
    }
  }

yarn manifest: 
  No manifest

Lockfile: 
  No lockfile
